[2017-12-23 12:00:46.137 GMT 	ERROR 	ClientCnxn 	Error while calling watcher ] 	
Exc level 0: System.NullReferenceException: Object reference not set to an instance of an object.
   at org.apache.zookeeper.ClientCnxn.<processEvent>d__37.MoveNext()
[2017-12-23 12:02:42.921 GMT 	WARNING 	ClientCnxn 	Client session timed out, have not heard from server in 116583ms for sessionid 0x16082edad3a0061] 	
[2017-12-23 12:02:58.614 GMT 	ERROR 	ClientCnxn 	Error while calling watcher ] 	
Exc level 0: System.NullReferenceException: Object reference not set to an instance of an object.
   at org.apache.zookeeper.ClientCnxn.<processEvent>d__37.MoveNext()
[2017-12-23 12:02:58.781 GMT 	ERROR 	ClientCnxn 	Error while calling watcher ] 	
Exc level 0: System.NullReferenceException: Object reference not set to an instance of an object.
   at org.apache.zookeeper.ClientCnxn.<processEvent>d__37.MoveNext()
[2017-12-23 12:03:23.625 GMT 	ERROR 	ClientCnxn 	Error while calling watcher ] 	
Exc level 0: System.NullReferenceException: Object reference not set to an instance of an object.
   at org.apache.zookeeper.ClientCnxn.<processEvent>d__37.MoveNext()
[2017-12-23 12:03:23.633 GMT 	WARNING 	ClientCnxn 	Unable to reconnect to ZooKeeper service, session 0x16082edad3a0061 has expired] 	
[2017-12-23 12:03:23.646 GMT 	WARNING 	ClientCnxn 	!!!Session 0x16082edad3a0061 for server {192.168.1.116:12181}, unexpected error, closing socket connection and attempting reconnect] 	
Exc level 0: org.apache.zookeeper.ClientCnxn+SessionExpiredException: Unable to reconnect to ZooKeeper service, session 0x16082edad3a0061 has expired
   at org.apache.zookeeper.ClientCnxn.onConnected(Int32 _negotiatedSessionTimeout, Int64 _sessionId, Byte[] _sessionPasswd, Boolean isRO)
   at org.apache.zookeeper.ClientCnxnSocket.readConnectResult()
   at org.apache.zookeeper.ClientCnxnSocketNIO.doIO()
   at org.apache.zookeeper.ClientCnxnSocketNIO.<doTransport>d__29.MoveNext()
--- End of stack trace from previous location where exception was thrown ---
   at System.Runtime.ExceptionServices.ExceptionDispatchInfo.Throw()
   at System.Runtime.CompilerServices.TaskAwaiter.HandleNonSuccessAndDebuggerNotification(Task task)
   at org.apache.zookeeper.ClientCnxn.<startSendTask>d__60.MoveNext()
[2017-12-23 12:04:19.586 GMT 	WARNING 	ClientCnxn 	Client session timed out, have not heard from server in 55957ms for sessionid 0x26082edad520071] 	
