[2017-12-23 11:23:10.542 GMT 	ERROR 	ClientCnxn 	Error while calling watcher ] 	
Exc level 0: System.NullReferenceException: Object reference not set to an instance of an object.
   at org.apache.zookeeper.ClientCnxn.<processEvent>d__37.MoveNext()
[2017-12-23 11:23:49.763 GMT 	ERROR 	ClientCnxn 	Error while calling watcher ] 	
Exc level 0: System.NullReferenceException: Object reference not set to an instance of an object.
   at org.apache.zookeeper.ClientCnxn.<processEvent>d__37.MoveNext()
[2017-12-23 11:23:49.763 GMT 	ERROR 	ClientCnxn 	Error while calling watcher ] 	
Exc level 0: System.NullReferenceException: Object reference not set to an instance of an object.
   at org.apache.zookeeper.ClientCnxn.<processEvent>d__37.MoveNext()
[2017-12-23 11:25:23.306 GMT 	ERROR 	ClientCnxn 	Error while calling watcher ] 	
Exc level 0: System.NullReferenceException: Object reference not set to an instance of an object.
   at org.apache.zookeeper.ClientCnxn.<processEvent>d__37.MoveNext()
[2017-12-23 11:42:22.711 GMT 	WARNING 	ClientCnxn 	Client session timed out, have not heard from server in 45652ms for sessionid 0x26082edad520052] 	
[2017-12-23 11:42:22.712 GMT 	WARNING 	ClientCnxn 	Client session timed out, have not heard from server in 45653ms for sessionid 0x26082edad520050] 	
[2017-12-23 11:42:22.776 GMT 	WARNING 	ClientCnxn 	Client session timed out, have not heard from server in 45775ms for sessionid 0x16082edad3a0047] 	
[2017-12-23 11:43:09.153 GMT 	ERROR 	ClientCnxn 	Error while calling watcher ] 	
Exc level 0: System.NullReferenceException: Object reference not set to an instance of an object.
   at org.apache.zookeeper.ClientCnxn.<processEvent>d__37.MoveNext()
[2017-12-23 11:43:10.884 GMT 	ERROR 	ClientCnxn 	Error while calling watcher ] 	
Exc level 0: System.NullReferenceException: Object reference not set to an instance of an object.
   at org.apache.zookeeper.ClientCnxn.<processEvent>d__37.MoveNext()
[2017-12-23 11:43:11.564 GMT 	ERROR 	ClientCnxn 	Error while calling watcher ] 	
Exc level 0: System.NullReferenceException: Object reference not set to an instance of an object.
   at org.apache.zookeeper.ClientCnxn.<processEvent>d__37.MoveNext()
[2017-12-23 11:43:11.657 GMT 	ERROR 	ClientCnxn 	Error while calling watcher ] 	
Exc level 0: System.NullReferenceException: Object reference not set to an instance of an object.
   at org.apache.zookeeper.ClientCnxn.<processEvent>d__37.MoveNext()
[2017-12-23 11:43:11.739 GMT 	ERROR 	ClientCnxn 	Error while calling watcher ] 	
Exc level 0: System.NullReferenceException: Object reference not set to an instance of an object.
   at org.apache.zookeeper.ClientCnxn.<processEvent>d__37.MoveNext()
[2017-12-23 11:43:17.896 GMT 	ERROR 	ClientCnxn 	Error while calling watcher ] 	
Exc level 0: System.NullReferenceException: Object reference not set to an instance of an object.
   at org.apache.zookeeper.ClientCnxn.<processEvent>d__37.MoveNext()
[2017-12-23 11:43:17.956 GMT 	ERROR 	ClientCnxn 	Error while calling watcher ] 	
Exc level 0: System.NullReferenceException: Object reference not set to an instance of an object.
   at org.apache.zookeeper.ClientCnxn.<processEvent>d__37.MoveNext()
[2017-12-23 11:43:19.138 GMT 	ERROR 	ClientCnxn 	Error while calling watcher ] 	
Exc level 0: System.NullReferenceException: Object reference not set to an instance of an object.
   at org.apache.zookeeper.ClientCnxn.<processEvent>d__37.MoveNext()
[2017-12-23 11:43:19.151 GMT 	ERROR 	ClientCnxn 	Error while calling watcher ] 	
Exc level 0: System.NullReferenceException: Object reference not set to an instance of an object.
   at org.apache.zookeeper.ClientCnxn.<processEvent>d__37.MoveNext()
[2017-12-23 11:43:20.101 GMT 	ERROR 	ClientCnxn 	Error while calling watcher ] 	
Exc level 0: System.NullReferenceException: Object reference not set to an instance of an object.
   at org.apache.zookeeper.ClientCnxn.<processEvent>d__37.MoveNext()
[2017-12-23 11:43:21.668 GMT 	WARNING 	ClientCnxn 	Unable to reconnect to ZooKeeper service, session 0x26082edad520050 has expired] 	
[2017-12-23 11:43:20.103 GMT 	ERROR 	ClientCnxn 	Error while calling watcher ] 	
Exc level 0: System.NullReferenceException: Object reference not set to an instance of an object.
   at org.apache.zookeeper.ClientCnxn.<processEvent>d__37.MoveNext()
[2017-12-23 11:43:21.666 GMT 	ERROR 	ClientCnxn 	Error while calling watcher ] 	
Exc level 0: System.NullReferenceException: Object reference not set to an instance of an object.
   at org.apache.zookeeper.ClientCnxn.<processEvent>d__37.MoveNext()
[2017-12-23 11:43:22.395 GMT 	WARNING 	ClientCnxn 	Unable to reconnect to ZooKeeper service, session 0x16082edad3a0047 has expired] 	
[2017-12-23 11:43:21.722 GMT 	WARNING 	ClientCnxn 	Unable to reconnect to ZooKeeper service, session 0x26082edad520052 has expired] 	
[2017-12-23 11:43:22.384 GMT 	WARNING 	ClientCnxn 	!!!Session 0x26082edad520050 for server {192.168.1.115:12181}, unexpected error, closing socket connection and attempting reconnect] 	
Exc level 0: org.apache.zookeeper.ClientCnxn+SessionExpiredException: Unable to reconnect to ZooKeeper service, session 0x26082edad520050 has expired
   at org.apache.zookeeper.ClientCnxn.onConnected(Int32 _negotiatedSessionTimeout, Int64 _sessionId, Byte[] _sessionPasswd, Boolean isRO)
   at org.apache.zookeeper.ClientCnxnSocket.readConnectResult()
   at org.apache.zookeeper.ClientCnxnSocketNIO.doIO()
   at org.apache.zookeeper.ClientCnxnSocketNIO.<doTransport>d__29.MoveNext()
--- End of stack trace from previous location where exception was thrown ---
   at System.Runtime.ExceptionServices.ExceptionDispatchInfo.Throw()
   at System.Runtime.CompilerServices.TaskAwaiter.HandleNonSuccessAndDebuggerNotification(Task task)
   at org.apache.zookeeper.ClientCnxn.<startSendTask>d__60.MoveNext()
[2017-12-23 11:43:22.420 GMT 	WARNING 	ClientCnxn 	!!!Session 0x16082edad3a0047 for server {192.168.1.116:12181}, unexpected error, closing socket connection and attempting reconnect] 	
Exc level 0: org.apache.zookeeper.ClientCnxn+SessionExpiredException: Unable to reconnect to ZooKeeper service, session 0x16082edad3a0047 has expired
   at org.apache.zookeeper.ClientCnxn.onConnected(Int32 _negotiatedSessionTimeout, Int64 _sessionId, Byte[] _sessionPasswd, Boolean isRO)
   at org.apache.zookeeper.ClientCnxnSocket.readConnectResult()
   at org.apache.zookeeper.ClientCnxnSocketNIO.doIO()
   at org.apache.zookeeper.ClientCnxnSocketNIO.<doTransport>d__29.MoveNext()
--- End of stack trace from previous location where exception was thrown ---
   at System.Runtime.ExceptionServices.ExceptionDispatchInfo.Throw()
   at System.Runtime.CompilerServices.TaskAwaiter.HandleNonSuccessAndDebuggerNotification(Task task)
   at org.apache.zookeeper.ClientCnxn.<startSendTask>d__60.MoveNext()
[2017-12-23 11:43:22.416 GMT 	WARNING 	ClientCnxn 	!!!Session 0x26082edad520052 for server {192.168.1.115:12181}, unexpected error, closing socket connection and attempting reconnect] 	
Exc level 0: org.apache.zookeeper.ClientCnxn+SessionExpiredException: Unable to reconnect to ZooKeeper service, session 0x26082edad520052 has expired
   at org.apache.zookeeper.ClientCnxn.onConnected(Int32 _negotiatedSessionTimeout, Int64 _sessionId, Byte[] _sessionPasswd, Boolean isRO)
   at org.apache.zookeeper.ClientCnxnSocket.readConnectResult()
   at org.apache.zookeeper.ClientCnxnSocketNIO.doIO()
   at org.apache.zookeeper.ClientCnxnSocketNIO.<doTransport>d__29.MoveNext()
--- End of stack trace from previous location where exception was thrown ---
   at System.Runtime.ExceptionServices.ExceptionDispatchInfo.Throw()
   at System.Runtime.CompilerServices.TaskAwaiter.HandleNonSuccessAndDebuggerNotification(Task task)
   at org.apache.zookeeper.ClientCnxn.<startSendTask>d__60.MoveNext()
