[2017-12-23 12:11:09.601 GMT 	ERROR 	ClientCnxn 	Error while calling watcher ] 	
Exc level 0: System.NullReferenceException: Object reference not set to an instance of an object.
   at org.apache.zookeeper.ClientCnxn.<processEvent>d__37.MoveNext()
[2017-12-23 12:11:09.601 GMT 	ERROR 	ClientCnxn 	Error while calling watcher ] 	
Exc level 0: System.NullReferenceException: Object reference not set to an instance of an object.
   at org.apache.zookeeper.ClientCnxn.<processEvent>d__37.MoveNext()
[2017-12-23 12:11:12.127 GMT 	ERROR 	ClientCnxn 	Error while calling watcher ] 	
Exc level 0: System.NullReferenceException: Object reference not set to an instance of an object.
   at org.apache.zookeeper.ClientCnxn.<processEvent>d__37.MoveNext()
[2017-12-23 12:11:30.789 GMT 	ERROR 	ClientCnxn 	Error while calling watcher ] 	
Exc level 0: System.NullReferenceException: Object reference not set to an instance of an object.
   at org.apache.zookeeper.ClientCnxn.<processEvent>d__37.MoveNext()
[2017-12-23 12:11:30.789 GMT 	ERROR 	ClientCnxn 	Error while calling watcher ] 	
Exc level 0: System.NullReferenceException: Object reference not set to an instance of an object.
   at org.apache.zookeeper.ClientCnxn.<processEvent>d__37.MoveNext()
[2017-12-23 12:11:51.140 GMT 	ERROR 	ClientCnxn 	Error while calling watcher ] 	
Exc level 0: System.NullReferenceException: Object reference not set to an instance of an object.
   at org.apache.zookeeper.ClientCnxn.<processEvent>d__37.MoveNext()
[2017-12-23 12:11:51.141 GMT 	ERROR 	ClientCnxn 	Error while calling watcher ] 	
Exc level 0: System.NullReferenceException: Object reference not set to an instance of an object.
   at org.apache.zookeeper.ClientCnxn.<processEvent>d__37.MoveNext()
[2017-12-23 12:12:34.323 GMT 	WARNING 	ClientCnxn 	Client session timed out, have not heard from server in 29806ms for sessionid 0x16082edad3a0070] 	
[2017-12-23 12:12:34.325 GMT 	WARNING 	ClientCnxn 	Client session timed out, have not heard from server in 30388ms for sessionid 0x16082edad3a006a] 	
[2017-12-23 12:12:34.323 GMT 	WARNING 	ClientCnxn 	Client session timed out, have not heard from server in 29822ms for sessionid 0x26082edad520079] 	
[2017-12-23 12:12:34.325 GMT 	WARNING 	ClientCnxn 	Client session timed out, have not heard from server in 30388ms for sessionid 0x26082edad520078] 	
[2017-12-23 12:12:34.574 GMT 	ERROR 	ClientCnxn 	Error while calling watcher ] 	
Exc level 0: System.NullReferenceException: Object reference not set to an instance of an object.
   at org.apache.zookeeper.ClientCnxn.<processEvent>d__37.MoveNext()
[2017-12-23 12:12:34.576 GMT 	ERROR 	ClientCnxn 	Error while calling watcher ] 	
Exc level 0: System.NullReferenceException: Object reference not set to an instance of an object.
   at org.apache.zookeeper.ClientCnxn.<processEvent>d__37.MoveNext()
[2017-12-23 12:12:34.576 GMT 	ERROR 	ClientCnxn 	Error while calling watcher ] 	
Exc level 0: System.NullReferenceException: Object reference not set to an instance of an object.
   at org.apache.zookeeper.ClientCnxn.<processEvent>d__37.MoveNext()
[2017-12-23 12:12:34.699 GMT 	ERROR 	ClientCnxn 	Error while calling watcher ] 	
Exc level 0: System.NullReferenceException: Object reference not set to an instance of an object.
   at org.apache.zookeeper.ClientCnxn.<processEvent>d__37.MoveNext()
[2017-12-23 12:12:34.699 GMT 	ERROR 	ClientCnxn 	Error while calling watcher ] 	
Exc level 0: System.NullReferenceException: Object reference not set to an instance of an object.
   at org.apache.zookeeper.ClientCnxn.<processEvent>d__37.MoveNext()
[2017-12-23 12:12:34.672 GMT 	ERROR 	ClientCnxn 	Error while calling watcher ] 	
Exc level 0: System.NullReferenceException: Object reference not set to an instance of an object.
   at org.apache.zookeeper.ClientCnxn.<processEvent>d__37.MoveNext()
[2017-12-23 12:12:34.827 GMT 	ERROR 	ClientCnxn 	Error while calling watcher ] 	
Exc level 0: System.NullReferenceException: Object reference not set to an instance of an object.
   at org.apache.zookeeper.ClientCnxn.<processEvent>d__37.MoveNext()
[2017-12-23 12:12:36.793 GMT 	ERROR 	ClientCnxn 	Error while calling watcher ] 	
Exc level 0: System.NullReferenceException: Object reference not set to an instance of an object.
   at org.apache.zookeeper.ClientCnxn.<processEvent>d__37.MoveNext()
[2017-12-23 12:12:36.821 GMT 	ERROR 	ClientCnxn 	Error while calling watcher ] 	
Exc level 0: System.NullReferenceException: Object reference not set to an instance of an object.
   at org.apache.zookeeper.ClientCnxn.<processEvent>d__37.MoveNext()
[2017-12-23 12:12:57.024 GMT 	ERROR 	ClientCnxn 	Error while calling watcher ] 	
Exc level 0: System.NullReferenceException: Object reference not set to an instance of an object.
   at org.apache.zookeeper.ClientCnxn.<processEvent>d__37.MoveNext()
[2017-12-23 12:12:57.025 GMT 	ERROR 	ClientCnxn 	Error while calling watcher ] 	
Exc level 0: System.NullReferenceException: Object reference not set to an instance of an object.
   at org.apache.zookeeper.ClientCnxn.<processEvent>d__37.MoveNext()
[2017-12-23 12:12:58.441 GMT 	ERROR 	ClientCnxn 	Error while calling watcher ] 	
Exc level 0: System.NullReferenceException: Object reference not set to an instance of an object.
   at org.apache.zookeeper.ClientCnxn.<processEvent>d__37.MoveNext()
[2017-12-23 12:12:58.445 GMT 	ERROR 	ClientCnxn 	Error while calling watcher ] 	
Exc level 0: System.NullReferenceException: Object reference not set to an instance of an object.
   at org.apache.zookeeper.ClientCnxn.<processEvent>d__37.MoveNext()
[2017-12-23 12:12:59.695 GMT 	ERROR 	ClientCnxn 	Error while calling watcher ] 	
Exc level 0: System.NullReferenceException: Object reference not set to an instance of an object.
   at org.apache.zookeeper.ClientCnxn.<processEvent>d__37.MoveNext()
[2017-12-23 12:12:59.700 GMT 	ERROR 	ClientCnxn 	Error while calling watcher ] 	
Exc level 0: System.NullReferenceException: Object reference not set to an instance of an object.
   at org.apache.zookeeper.ClientCnxn.<processEvent>d__37.MoveNext()
[2017-12-23 12:12:59.743 GMT 	WARNING 	ClientCnxn 	Unable to reconnect to ZooKeeper service, session 0x26082edad520079 has expired] 	
[2017-12-23 12:12:59.767 GMT 	WARNING 	ClientCnxn 	Unable to reconnect to ZooKeeper service, session 0x16082edad3a006a has expired] 	
[2017-12-23 12:12:59.722 GMT 	ERROR 	ClientCnxn 	Error while calling watcher ] 	
Exc level 0: System.NullReferenceException: Object reference not set to an instance of an object.
   at org.apache.zookeeper.ClientCnxn.<processEvent>d__37.MoveNext()
[2017-12-23 12:12:59.795 GMT 	WARNING 	ClientCnxn 	Unable to reconnect to ZooKeeper service, session 0x26082edad520078 has expired] 	
[2017-12-23 12:12:59.745 GMT 	ERROR 	ClientCnxn 	Error while calling watcher ] 	
Exc level 0: System.NullReferenceException: Object reference not set to an instance of an object.
   at org.apache.zookeeper.ClientCnxn.<processEvent>d__37.MoveNext()
[2017-12-23 12:12:59.801 GMT 	WARNING 	ClientCnxn 	Unable to reconnect to ZooKeeper service, session 0x16082edad3a0070 has expired] 	
[2017-12-23 12:13:00.949 GMT 	WARNING 	ClientCnxn 	!!!Session 0x26082edad520079 for server {192.168.1.115:12181}, unexpected error, closing socket connection and attempting reconnect] 	
Exc level 0: org.apache.zookeeper.ClientCnxn+SessionExpiredException: Unable to reconnect to ZooKeeper service, session 0x26082edad520079 has expired
   at org.apache.zookeeper.ClientCnxn.onConnected(Int32 _negotiatedSessionTimeout, Int64 _sessionId, Byte[] _sessionPasswd, Boolean isRO)
   at org.apache.zookeeper.ClientCnxnSocket.readConnectResult()
   at org.apache.zookeeper.ClientCnxnSocketNIO.doIO()
   at org.apache.zookeeper.ClientCnxnSocketNIO.<doTransport>d__29.MoveNext()
--- End of stack trace from previous location where exception was thrown ---
   at System.Runtime.ExceptionServices.ExceptionDispatchInfo.Throw()
   at System.Runtime.CompilerServices.TaskAwaiter.HandleNonSuccessAndDebuggerNotification(Task task)
   at org.apache.zookeeper.ClientCnxn.<startSendTask>d__60.MoveNext()
[2017-12-23 12:13:00.949 GMT 	WARNING 	ClientCnxn 	!!!Session 0x16082edad3a0070 for server {192.168.1.116:12181}, unexpected error, closing socket connection and attempting reconnect] 	
Exc level 0: org.apache.zookeeper.ClientCnxn+SessionExpiredException: Unable to reconnect to ZooKeeper service, session 0x16082edad3a0070 has expired
   at org.apache.zookeeper.ClientCnxn.onConnected(Int32 _negotiatedSessionTimeout, Int64 _sessionId, Byte[] _sessionPasswd, Boolean isRO)
   at org.apache.zookeeper.ClientCnxnSocket.readConnectResult()
   at org.apache.zookeeper.ClientCnxnSocketNIO.doIO()
   at org.apache.zookeeper.ClientCnxnSocketNIO.<doTransport>d__29.MoveNext()
--- End of stack trace from previous location where exception was thrown ---
   at System.Runtime.ExceptionServices.ExceptionDispatchInfo.Throw()
   at System.Runtime.CompilerServices.TaskAwaiter.HandleNonSuccessAndDebuggerNotification(Task task)
   at org.apache.zookeeper.ClientCnxn.<startSendTask>d__60.MoveNext()
[2017-12-23 12:13:00.951 GMT 	WARNING 	ClientCnxn 	!!!Session 0x16082edad3a006a for server {192.168.1.116:12181}, unexpected error, closing socket connection and attempting reconnect] 	
Exc level 0: org.apache.zookeeper.ClientCnxn+SessionExpiredException: Unable to reconnect to ZooKeeper service, session 0x16082edad3a006a has expired
   at org.apache.zookeeper.ClientCnxn.onConnected(Int32 _negotiatedSessionTimeout, Int64 _sessionId, Byte[] _sessionPasswd, Boolean isRO)
   at org.apache.zookeeper.ClientCnxnSocket.readConnectResult()
   at org.apache.zookeeper.ClientCnxnSocketNIO.doIO()
   at org.apache.zookeeper.ClientCnxnSocketNIO.<doTransport>d__29.MoveNext()
--- End of stack trace from previous location where exception was thrown ---
   at System.Runtime.ExceptionServices.ExceptionDispatchInfo.Throw()
   at System.Runtime.CompilerServices.TaskAwaiter.HandleNonSuccessAndDebuggerNotification(Task task)
   at org.apache.zookeeper.ClientCnxn.<startSendTask>d__60.MoveNext()
[2017-12-23 12:13:00.974 GMT 	WARNING 	ClientCnxn 	!!!Session 0x26082edad520078 for server {192.168.1.115:12181}, unexpected error, closing socket connection and attempting reconnect] 	
Exc level 0: org.apache.zookeeper.ClientCnxn+SessionExpiredException: Unable to reconnect to ZooKeeper service, session 0x26082edad520078 has expired
   at org.apache.zookeeper.ClientCnxn.onConnected(Int32 _negotiatedSessionTimeout, Int64 _sessionId, Byte[] _sessionPasswd, Boolean isRO)
   at org.apache.zookeeper.ClientCnxnSocket.readConnectResult()
   at org.apache.zookeeper.ClientCnxnSocketNIO.doIO()
   at org.apache.zookeeper.ClientCnxnSocketNIO.<doTransport>d__29.MoveNext()
--- End of stack trace from previous location where exception was thrown ---
   at System.Runtime.ExceptionServices.ExceptionDispatchInfo.Throw()
   at System.Runtime.CompilerServices.TaskAwaiter.HandleNonSuccessAndDebuggerNotification(Task task)
   at org.apache.zookeeper.ClientCnxn.<startSendTask>d__60.MoveNext()
