[2017-12-23 11:51:57.296 GMT 	ERROR 	ClientCnxn 	Error while calling watcher ] 	
Exc level 0: System.NullReferenceException: Object reference not set to an instance of an object.
   at org.apache.zookeeper.ClientCnxn.<processEvent>d__37.MoveNext()
[2017-12-23 11:54:10.494 GMT 	WARNING 	ClientCnxn 	Client session timed out, have not heard from server in 37817ms for sessionid 0x16082edad3a0055] 	
[2017-12-23 11:54:14.078 GMT 	ERROR 	ClientCnxn 	Error while calling watcher ] 	
Exc level 0: System.NullReferenceException: Object reference not set to an instance of an object.
   at org.apache.zookeeper.ClientCnxn.<processEvent>d__37.MoveNext()
[2017-12-23 11:54:14.190 GMT 	ERROR 	ClientCnxn 	Error while calling watcher ] 	
Exc level 0: System.NullReferenceException: Object reference not set to an instance of an object.
   at org.apache.zookeeper.ClientCnxn.<processEvent>d__37.MoveNext()
[2017-12-23 11:54:14.499 GMT 	ERROR 	ClientCnxn 	Error while calling watcher ] 	
Exc level 0: System.NullReferenceException: Object reference not set to an instance of an object.
   at org.apache.zookeeper.ClientCnxn.<processEvent>d__37.MoveNext()
[2017-12-23 11:54:14.506 GMT 	WARNING 	ClientCnxn 	Unable to reconnect to ZooKeeper service, session 0x16082edad3a0055 has expired] 	
[2017-12-23 11:54:14.763 GMT 	WARNING 	ClientCnxn 	!!!Session 0x16082edad3a0055 for server {192.168.1.116:12181}, unexpected error, closing socket connection and attempting reconnect] 	
Exc level 0: org.apache.zookeeper.ClientCnxn+SessionExpiredException: Unable to reconnect to ZooKeeper service, session 0x16082edad3a0055 has expired
   at org.apache.zookeeper.ClientCnxn.onConnected(Int32 _negotiatedSessionTimeout, Int64 _sessionId, Byte[] _sessionPasswd, Boolean isRO)
   at org.apache.zookeeper.ClientCnxnSocket.readConnectResult()
   at org.apache.zookeeper.ClientCnxnSocketNIO.doIO()
   at org.apache.zookeeper.ClientCnxnSocketNIO.<doTransport>d__29.MoveNext()
--- End of stack trace from previous location where exception was thrown ---
   at System.Runtime.ExceptionServices.ExceptionDispatchInfo.Throw()
   at System.Runtime.CompilerServices.TaskAwaiter.HandleNonSuccessAndDebuggerNotification(Task task)
   at org.apache.zookeeper.ClientCnxn.<startSendTask>d__60.MoveNext()
