[2017-11-25 14:37:53.014 GMT 	ERROR 	ClientCnxn 	Error while calling watcher ] 	
Exc level 0: System.NullReferenceException: Object reference not set to an instance of an object.
   at org.apache.zookeeper.ClientCnxn.<processEvent>d__37.MoveNext()
[2017-11-25 14:38:41.168 GMT 	WARNING 	ClientCnxn 	Client session timed out, have not heard from server in 48214ms for sessionid 0x25ff39147e70004] 	
[2017-11-25 14:38:41.295 GMT 	ERROR 	ClientCnxn 	Error while calling watcher ] 	
Exc level 0: System.NullReferenceException: Object reference not set to an instance of an object.
   at org.apache.zookeeper.ClientCnxn.<processEvent>d__37.MoveNext()
[2017-11-25 14:38:41.637 GMT 	ERROR 	ClientCnxn 	Error while calling watcher ] 	
Exc level 0: System.NullReferenceException: Object reference not set to an instance of an object.
   at org.apache.zookeeper.ClientCnxn.<processEvent>d__37.MoveNext()
[2017-11-25 14:38:42.989 GMT 	ERROR 	ClientCnxn 	Error while calling watcher ] 	
Exc level 0: System.NullReferenceException: Object reference not set to an instance of an object.
   at org.apache.zookeeper.ClientCnxn.<processEvent>d__37.MoveNext()
[2017-11-25 14:38:42.993 GMT 	WARNING 	ClientCnxn 	Unable to reconnect to ZooKeeper service, session 0x25ff39147e70004 has expired] 	
[2017-11-25 14:38:43.004 GMT 	WARNING 	ClientCnxn 	!!!Session 0x25ff39147e70004 for server {192.168.1.115:12181}, unexpected error, closing socket connection and attempting reconnect] 	
Exc level 0: org.apache.zookeeper.ClientCnxn+SessionExpiredException: Unable to reconnect to ZooKeeper service, session 0x25ff39147e70004 has expired
   at org.apache.zookeeper.ClientCnxn.onConnected(Int32 _negotiatedSessionTimeout, Int64 _sessionId, Byte[] _sessionPasswd, Boolean isRO)
   at org.apache.zookeeper.ClientCnxnSocket.readConnectResult()
   at org.apache.zookeeper.ClientCnxnSocketNIO.doIO()
   at org.apache.zookeeper.ClientCnxnSocketNIO.<doTransport>d__29.MoveNext()
--- End of stack trace from previous location where exception was thrown ---
   at System.Runtime.ExceptionServices.ExceptionDispatchInfo.Throw()
   at System.Runtime.CompilerServices.TaskAwaiter.HandleNonSuccessAndDebuggerNotification(Task task)
   at org.apache.zookeeper.ClientCnxn.<startSendTask>d__60.MoveNext()
[2017-11-25 14:41:28.443 GMT 	WARNING 	ClientCnxn 	Client session timed out, have not heard from server in 38209ms for sessionid 0x25ff39147e70005] 	
[2017-11-25 14:41:43.491 GMT 	ERROR 	ClientCnxn 	Error while calling watcher ] 	
Exc level 0: System.NullReferenceException: Object reference not set to an instance of an object.
   at org.apache.zookeeper.ClientCnxn.<processEvent>d__37.MoveNext()
[2017-11-25 14:42:29.170 GMT 	ERROR 	ClientCnxn 	Error while calling watcher ] 	
Exc level 0: System.NullReferenceException: Object reference not set to an instance of an object.
   at org.apache.zookeeper.ClientCnxn.<processEvent>d__37.MoveNext()
[2017-11-25 14:42:29.167 GMT 	WARNING 	ClientCnxn 	Client session timed out, have not heard from server in 40590ms for sessionid 0x25ff39147e70012] 	
[2017-11-25 14:42:29.355 GMT 	ERROR 	ClientCnxn 	Error while calling watcher ] 	
Exc level 0: System.NullReferenceException: Object reference not set to an instance of an object.
   at org.apache.zookeeper.ClientCnxn.<processEvent>d__37.MoveNext()
[2017-11-25 14:42:29.398 GMT 	ERROR 	ClientCnxn 	Error while calling watcher ] 	
Exc level 0: System.NullReferenceException: Object reference not set to an instance of an object.
   at org.apache.zookeeper.ClientCnxn.<processEvent>d__37.MoveNext()
[2017-11-25 14:42:29.880 GMT 	ERROR 	ClientCnxn 	Error while calling watcher ] 	
Exc level 0: System.NullReferenceException: Object reference not set to an instance of an object.
   at org.apache.zookeeper.ClientCnxn.<processEvent>d__37.MoveNext()
[2017-11-25 14:42:29.885 GMT 	WARNING 	ClientCnxn 	Unable to reconnect to ZooKeeper service, session 0x25ff39147e70005 has expired] 	
[2017-11-25 14:42:29.893 GMT 	WARNING 	ClientCnxn 	!!!Session 0x25ff39147e70005 for server {192.168.1.115:12181}, unexpected error, closing socket connection and attempting reconnect] 	
Exc level 0: org.apache.zookeeper.ClientCnxn+SessionExpiredException: Unable to reconnect to ZooKeeper service, session 0x25ff39147e70005 has expired
   at org.apache.zookeeper.ClientCnxn.onConnected(Int32 _negotiatedSessionTimeout, Int64 _sessionId, Byte[] _sessionPasswd, Boolean isRO)
   at org.apache.zookeeper.ClientCnxnSocket.readConnectResult()
   at org.apache.zookeeper.ClientCnxnSocketNIO.doIO()
   at org.apache.zookeeper.ClientCnxnSocketNIO.<doTransport>d__29.MoveNext()
--- End of stack trace from previous location where exception was thrown ---
   at System.Runtime.ExceptionServices.ExceptionDispatchInfo.Throw()
   at System.Runtime.CompilerServices.TaskAwaiter.HandleNonSuccessAndDebuggerNotification(Task task)
   at org.apache.zookeeper.ClientCnxn.<startSendTask>d__60.MoveNext()
[2017-11-25 14:42:30.518 GMT 	ERROR 	ClientCnxn 	Error while calling watcher ] 	
Exc level 0: System.NullReferenceException: Object reference not set to an instance of an object.
   at org.apache.zookeeper.ClientCnxn.<processEvent>d__37.MoveNext()
[2017-11-25 14:42:30.530 GMT 	WARNING 	ClientCnxn 	Unable to reconnect to ZooKeeper service, session 0x25ff39147e70012 has expired] 	
[2017-11-25 14:42:30.540 GMT 	WARNING 	ClientCnxn 	!!!Session 0x25ff39147e70012 for server {192.168.1.115:12181}, unexpected error, closing socket connection and attempting reconnect] 	
Exc level 0: org.apache.zookeeper.ClientCnxn+SessionExpiredException: Unable to reconnect to ZooKeeper service, session 0x25ff39147e70012 has expired
   at org.apache.zookeeper.ClientCnxn.onConnected(Int32 _negotiatedSessionTimeout, Int64 _sessionId, Byte[] _sessionPasswd, Boolean isRO)
   at org.apache.zookeeper.ClientCnxnSocket.readConnectResult()
   at org.apache.zookeeper.ClientCnxnSocketNIO.doIO()
   at org.apache.zookeeper.ClientCnxnSocketNIO.<doTransport>d__29.MoveNext()
--- End of stack trace from previous location where exception was thrown ---
   at System.Runtime.ExceptionServices.ExceptionDispatchInfo.Throw()
   at System.Runtime.CompilerServices.TaskAwaiter.HandleNonSuccessAndDebuggerNotification(Task task)
   at org.apache.zookeeper.ClientCnxn.<startSendTask>d__60.MoveNext()
[2017-11-25 14:43:09.857 GMT 	WARNING 	ClientCnxn 	Client session timed out, have not heard from server in 40467ms for sessionid 0x15ff39147dd000c] 	
[2017-11-25 14:43:12.311 GMT 	ERROR 	ClientCnxn 	Error while calling watcher ] 	
Exc level 0: System.NullReferenceException: Object reference not set to an instance of an object.
   at org.apache.zookeeper.ClientCnxn.<processEvent>d__37.MoveNext()
[2017-11-25 14:43:14.661 GMT 	ERROR 	ClientCnxn 	Error while calling watcher ] 	
Exc level 0: System.NullReferenceException: Object reference not set to an instance of an object.
   at org.apache.zookeeper.ClientCnxn.<processEvent>d__37.MoveNext()
[2017-11-25 14:43:15.515 GMT 	ERROR 	ClientCnxn 	Error while calling watcher ] 	
Exc level 0: System.NullReferenceException: Object reference not set to an instance of an object.
   at org.apache.zookeeper.ClientCnxn.<processEvent>d__37.MoveNext()
[2017-11-25 14:43:15.520 GMT 	WARNING 	ClientCnxn 	Unable to reconnect to ZooKeeper service, session 0x15ff39147dd000c has expired] 	
[2017-11-25 14:43:15.528 GMT 	WARNING 	ClientCnxn 	!!!Session 0x15ff39147dd000c for server {192.168.1.116:12181}, unexpected error, closing socket connection and attempting reconnect] 	
Exc level 0: org.apache.zookeeper.ClientCnxn+SessionExpiredException: Unable to reconnect to ZooKeeper service, session 0x15ff39147dd000c has expired
   at org.apache.zookeeper.ClientCnxn.onConnected(Int32 _negotiatedSessionTimeout, Int64 _sessionId, Byte[] _sessionPasswd, Boolean isRO)
   at org.apache.zookeeper.ClientCnxnSocket.readConnectResult()
   at org.apache.zookeeper.ClientCnxnSocketNIO.doIO()
   at org.apache.zookeeper.ClientCnxnSocketNIO.<doTransport>d__29.MoveNext()
--- End of stack trace from previous location where exception was thrown ---
   at System.Runtime.ExceptionServices.ExceptionDispatchInfo.Throw()
   at System.Runtime.CompilerServices.TaskAwaiter.HandleNonSuccessAndDebuggerNotification(Task task)
   at org.apache.zookeeper.ClientCnxn.<startSendTask>d__60.MoveNext()
[2017-11-25 14:43:41.580 GMT 	WARNING 	ClientCnxn 	Client session timed out, have not heard from server in 26938ms for sessionid 0x25ff39147e7001d] 	
[2017-11-25 14:43:41.757 GMT 	ERROR 	ClientCnxn 	Error while calling watcher ] 	
Exc level 0: System.NullReferenceException: Object reference not set to an instance of an object.
   at org.apache.zookeeper.ClientCnxn.<processEvent>d__37.MoveNext()
[2017-11-25 14:43:41.890 GMT 	ERROR 	ClientCnxn 	Error while calling watcher ] 	
Exc level 0: System.NullReferenceException: Object reference not set to an instance of an object.
   at org.apache.zookeeper.ClientCnxn.<processEvent>d__37.MoveNext()
[2017-11-25 14:43:43.689 GMT 	ERROR 	ClientCnxn 	Error while calling watcher ] 	
Exc level 0: System.NullReferenceException: Object reference not set to an instance of an object.
   at org.apache.zookeeper.ClientCnxn.<processEvent>d__37.MoveNext()
